c:\users\user\desktop\projet-20170412t215129z-001\projet\projet\debug\vc140.pdb
c:\users\user\desktop\projet-20170412t215129z-001\projet\projet\debug\vc140.idb
c:\users\user\desktop\projet-20170412t215129z-001\projet\projet\debug\main.obj
c:\users\user\desktop\projet-20170412t215129z-001\projet\projet\debug\agent.obj
c:\users\user\desktop\projet-20170412t215129z-001\projet\projet\debug\avion.obj
c:\users\user\desktop\projet-20170412t215129z-001\projet\projet\debug\compagnie.obj
c:\users\user\desktop\projet-20170412t215129z-001\projet\projet\debug\date.obj
c:\users\user\desktop\projet-20170412t215129z-001\projet\projet\debug\passager.obj
c:\users\user\desktop\projet-20170412t215129z-001\projet\projet\debug\personne.obj
c:\users\user\desktop\projet-20170412t215129z-001\projet\projet\debug\avion.obj.enc
c:\users\user\desktop\projet-20170412t215129z-001\projet\projet\debug\compagnie.obj.enc
c:\users\user\desktop\projet-20170412t215129z-001\projet\projet\debug\main.new.obj.enc
c:\users\user\desktop\projet-20170412t215129z-001\projet\debug\projet.pdb
c:\users\user\desktop\projet-20170412t215129z-001\projet\debug\projet.exe
c:\users\user\desktop\projet-20170412t215129z-001\projet\debug\projet.ilk
c:\users\user\desktop\projet-20170412t215129z-001\projet\projet\debug\projet.tlog\cl.command.1.tlog
c:\users\user\desktop\projet-20170412t215129z-001\projet\projet\debug\projet.tlog\cl.read.1.tlog
c:\users\user\desktop\projet-20170412t215129z-001\projet\projet\debug\projet.tlog\cl.write.1.tlog
c:\users\user\desktop\projet-20170412t215129z-001\projet\projet\debug\projet.tlog\link.command.1.tlog
c:\users\user\desktop\projet-20170412t215129z-001\projet\projet\debug\projet.tlog\link.read.1.tlog
c:\users\user\desktop\projet-20170412t215129z-001\projet\projet\debug\projet.tlog\link.write.1.tlog
